<?xml version="1.0" encoding="UTF-8"?>
<testsuite xmlns:xsi="http://www.w3.org/2001/XMLSchema-instance" xsi:noNamespaceSchemaLocation="https://maven.apache.org/surefire/maven-surefire-plugin/xsd/surefire-test-report.xsd" name="banking.tests.LoginTest" time="9.764" tests="4" errors="0" skipped="0" failures="3">
  <properties>
[...]
</properties>
  <testcase name="testLogin" classname="banking.tests.LoginTest" time="0.917"/>
  <testcase name="testLogin" classname="banking.tests.LoginTest" time="0.045">
    <failure message="Unable to locate element: *[name=&apos;uid&apos;]&#10;For documentation on this error, please visit: https://www.selenium.dev/documentation/webdriver/troubleshooting/errors#no-such-element-exception&#10;Build info: version: &apos;4.35.0&apos;, revision: &apos;1c58e5028b&apos;&#10;System info: os.name: &apos;Windows 11&apos;, os.arch: &apos;amd64&apos;, os.version: &apos;10.0&apos;, java.version: &apos;25&apos;&#10;Driver info: org.openqa.selenium.firefox.FirefoxDriver&#10;Command: [bcfeb518-f9f6-41c5-bf40-2e35d25014f3, findElement {using=name, value=uid}]&#10;Capabilities {acceptInsecureCerts: true, browserName: firefox, browserVersion: 143.0.1, moz:accessibilityChecks: false, moz:buildID: 20250918214338, moz:geckodriverVersion: 0.36.0, moz:headless: false, moz:platformVersion: 10.0, moz:processID: 16860, moz:profile: C:\Users\Marwan\AppData\Loc..., moz:shutdownTimeout: 60000, moz:webdriverClick: true, moz:windowless: false, pageLoadStrategy: normal, platformName: windows, proxy: Proxy(), setWindowRect: true, strictFileInteractability: false, timeouts: {implicit: 0, pageLoad: 300000, script: 30000}, unhandledPromptBehavior: dismiss and notify, userAgent: Mozilla/5.0 (Windows NT 10....}&#10;Session ID: bcfeb518-f9f6-41c5-bf40-2e35d25014f3" type="org.openqa.selenium.NoSuchElementException">org.openqa.selenium.NoSuchElementException: 
Unable to locate element: *[name='uid']
For documentation on this error, please visit: https://www.selenium.dev/documentation/webdriver/troubleshooting/errors#no-such-element-exception
Build info: version: '4.35.0', revision: '1c58e5028b'
System info: os.name: 'Windows 11', os.arch: 'amd64', os.version: '10.0', java.version: '25'
Driver info: org.openqa.selenium.firefox.FirefoxDriver
Command: [bcfeb518-f9f6-41c5-bf40-2e35d25014f3, findElement {using=name, value=uid}]
Capabilities {acceptInsecureCerts: true, browserName: firefox, browserVersion: 143.0.1, moz:accessibilityChecks: false, moz:buildID: 20250918214338, moz:geckodriverVersion: 0.36.0, moz:headless: false, moz:platformVersion: 10.0, moz:processID: 16860, moz:profile: C:\Users\Marwan\AppData\Loc..., moz:shutdownTimeout: 60000, moz:webdriverClick: true, moz:windowless: false, pageLoadStrategy: normal, platformName: windows, proxy: Proxy(), setWindowRect: true, strictFileInteractability: false, timeouts: {implicit: 0, pageLoad: 300000, script: 30000}, unhandledPromptBehavior: dismiss and notify, userAgent: Mozilla/5.0 (Windows NT 10....}
Session ID: bcfeb518-f9f6-41c5-bf40-2e35d25014f3
	at banking.tests.LoginTest.testLogin(LoginTest.java:25)
</failure>
  </testcase>
  <testcase name="testLogin" classname="banking.tests.LoginTest" time="0.023">
    <failure message="Unable to locate element: *[name=&apos;uid&apos;]&#10;For documentation on this error, please visit: https://www.selenium.dev/documentation/webdriver/troubleshooting/errors#no-such-element-exception&#10;Build info: version: &apos;4.35.0&apos;, revision: &apos;1c58e5028b&apos;&#10;System info: os.name: &apos;Windows 11&apos;, os.arch: &apos;amd64&apos;, os.version: &apos;10.0&apos;, java.version: &apos;25&apos;&#10;Driver info: org.openqa.selenium.firefox.FirefoxDriver&#10;Command: [bcfeb518-f9f6-41c5-bf40-2e35d25014f3, findElement {using=name, value=uid}]&#10;Capabilities {acceptInsecureCerts: true, browserName: firefox, browserVersion: 143.0.1, moz:accessibilityChecks: false, moz:buildID: 20250918214338, moz:geckodriverVersion: 0.36.0, moz:headless: false, moz:platformVersion: 10.0, moz:processID: 16860, moz:profile: C:\Users\Marwan\AppData\Loc..., moz:shutdownTimeout: 60000, moz:webdriverClick: true, moz:windowless: false, pageLoadStrategy: normal, platformName: windows, proxy: Proxy(), setWindowRect: true, strictFileInteractability: false, timeouts: {implicit: 0, pageLoad: 300000, script: 30000}, unhandledPromptBehavior: dismiss and notify, userAgent: Mozilla/5.0 (Windows NT 10....}&#10;Session ID: bcfeb518-f9f6-41c5-bf40-2e35d25014f3" type="org.openqa.selenium.NoSuchElementException">org.openqa.selenium.NoSuchElementException: 
Unable to locate element: *[name='uid']
For documentation on this error, please visit: https://www.selenium.dev/documentation/webdriver/troubleshooting/errors#no-such-element-exception
Build info: version: '4.35.0', revision: '1c58e5028b'
System info: os.name: 'Windows 11', os.arch: 'amd64', os.version: '10.0', java.version: '25'
Driver info: org.openqa.selenium.firefox.FirefoxDriver
Command: [bcfeb518-f9f6-41c5-bf40-2e35d25014f3, findElement {using=name, value=uid}]
Capabilities {acceptInsecureCerts: true, browserName: firefox, browserVersion: 143.0.1, moz:accessibilityChecks: false, moz:buildID: 20250918214338, moz:geckodriverVersion: 0.36.0, moz:headless: false, moz:platformVersion: 10.0, moz:processID: 16860, moz:profile: C:\Users\Marwan\AppData\Loc..., moz:shutdownTimeout: 60000, moz:webdriverClick: true, moz:windowless: false, pageLoadStrategy: normal, platformName: windows, proxy: Proxy(), setWindowRect: true, strictFileInteractability: false, timeouts: {implicit: 0, pageLoad: 300000, script: 30000}, unhandledPromptBehavior: dismiss and notify, userAgent: Mozilla/5.0 (Windows NT 10....}
Session ID: bcfeb518-f9f6-41c5-bf40-2e35d25014f3
	at banking.tests.LoginTest.testLogin(LoginTest.java:25)
</failure>
  </testcase>
  <testcase name="testLogin" classname="banking.tests.LoginTest" time="0.031">
    <failure message="Unable to locate element: *[name=&apos;uid&apos;]&#10;For documentation on this error, please visit: https://www.selenium.dev/documentation/webdriver/troubleshooting/errors#no-such-element-exception&#10;Build info: version: &apos;4.35.0&apos;, revision: &apos;1c58e5028b&apos;&#10;System info: os.name: &apos;Windows 11&apos;, os.arch: &apos;amd64&apos;, os.version: &apos;10.0&apos;, java.version: &apos;25&apos;&#10;Driver info: org.openqa.selenium.firefox.FirefoxDriver&#10;Command: [bcfeb518-f9f6-41c5-bf40-2e35d25014f3, findElement {using=name, value=uid}]&#10;Capabilities {acceptInsecureCerts: true, browserName: firefox, browserVersion: 143.0.1, moz:accessibilityChecks: false, moz:buildID: 20250918214338, moz:geckodriverVersion: 0.36.0, moz:headless: false, moz:platformVersion: 10.0, moz:processID: 16860, moz:profile: C:\Users\Marwan\AppData\Loc..., moz:shutdownTimeout: 60000, moz:webdriverClick: true, moz:windowless: false, pageLoadStrategy: normal, platformName: windows, proxy: Proxy(), setWindowRect: true, strictFileInteractability: false, timeouts: {implicit: 0, pageLoad: 300000, script: 30000}, unhandledPromptBehavior: dismiss and notify, userAgent: Mozilla/5.0 (Windows NT 10....}&#10;Session ID: bcfeb518-f9f6-41c5-bf40-2e35d25014f3" type="org.openqa.selenium.NoSuchElementException">org.openqa.selenium.NoSuchElementException: 
Unable to locate element: *[name='uid']
For documentation on this error, please visit: https://www.selenium.dev/documentation/webdriver/troubleshooting/errors#no-such-element-exception
Build info: version: '4.35.0', revision: '1c58e5028b'
System info: os.name: 'Windows 11', os.arch: 'amd64', os.version: '10.0', java.version: '25'
Driver info: org.openqa.selenium.firefox.FirefoxDriver
Command: [bcfeb518-f9f6-41c5-bf40-2e35d25014f3, findElement {using=name, value=uid}]
Capabilities {acceptInsecureCerts: true, browserName: firefox, browserVersion: 143.0.1, moz:accessibilityChecks: false, moz:buildID: 20250918214338, moz:geckodriverVersion: 0.36.0, moz:headless: false, moz:platformVersion: 10.0, moz:processID: 16860, moz:profile: C:\Users\Marwan\AppData\Loc..., moz:shutdownTimeout: 60000, moz:webdriverClick: true, moz:windowless: false, pageLoadStrategy: normal, platformName: windows, proxy: Proxy(), setWindowRect: true, strictFileInteractability: false, timeouts: {implicit: 0, pageLoad: 300000, script: 30000}, unhandledPromptBehavior: dismiss and notify, userAgent: Mozilla/5.0 (Windows NT 10....}
Session ID: bcfeb518-f9f6-41c5-bf40-2e35d25014f3
	at banking.tests.LoginTest.testLogin(LoginTest.java:25)
</failure>
  </testcase>
</testsuite>