<?xml version="1.0" encoding="UTF-8"?>
<testng-results ignored="0" total="1" passed="1" failed="0" skipped="0">
  <reporter-output>
  </reporter-output>
  <suite started-at="2025-09-22T02:09:43 EEST" name="Surefire suite" finished-at="2025-09-22T02:09:52 EEST" duration-ms="8776">
    <groups>
    </groups>
    <test started-at="2025-09-22T02:09:43 EEST" name="Surefire test" finished-at="2025-09-22T02:09:52 EEST" duration-ms="8776">
      <class name="banking.tests.LoginTest">
        <test-method is-config="true" signature="setup()[pri:0, instance:banking.tests.LoginTest@6c3f5566]" started-at="2025-09-22T02:09:43 EEST" name="setup" finished-at="2025-09-22T02:09:48 EEST" duration-ms="4983" status="PASS">
          <reporter-output>
          </reporter-output>
        </test-method> <!-- setup -->
        <test-method signature="verifyLogin()[pri:0, instance:banking.tests.LoginTest@6c3f5566]" started-at="2025-09-22T02:09:48 EEST" name="verifyLogin" finished-at="2025-09-22T02:09:51 EEST" duration-ms="2356" status="PASS">
          <reporter-output>
          </reporter-output>
        </test-method> <!-- verifyLogin -->
        <test-method is-config="true" signature="tearDown()[pri:0, instance:banking.tests.LoginTest@6c3f5566]" started-at="2025-09-22T02:09:51 EEST" name="tearDown" finished-at="2025-09-22T02:09:52 EEST" duration-ms="1383" status="PASS">
          <reporter-output>
          </reporter-output>
        </test-method> <!-- tearDown -->
      </class> <!-- banking.tests.LoginTest -->
    </test> <!-- Surefire test -->
  </suite> <!-- Surefire suite -->
</testng-results>
